  [1m[35m (0.1ms)[0m  [1m[34mSELECT sqlite_version(*)[0m
  ↳ /home/sano/.rvm/gems/ruby-2.5.1@qna/bin/rake:23
  [1m[35m (119.2ms)[0m  [1m[35mCREATE TABLE "schema_migrations" ("version" varchar NOT NULL PRIMARY KEY)[0m
  ↳ /home/sano/.rvm/gems/ruby-2.5.1@qna/bin/rake:23
  [1m[35m (105.4ms)[0m  [1m[35mCREATE TABLE "ar_internal_metadata" ("key" varchar NOT NULL PRIMARY KEY, "value" varchar, "created_at" datetime NOT NULL, "updated_at" datetime NOT NULL)[0m
  ↳ /home/sano/.rvm/gems/ruby-2.5.1@qna/bin/rake:23
  [1m[35m (0.2ms)[0m  [1m[34mSELECT "schema_migrations"."version" FROM "schema_migrations" ORDER BY "schema_migrations"."version" ASC[0m
  ↳ /home/sano/.rvm/gems/ruby-2.5.1@qna/bin/rake:23
Migrating to CreateQuestions (20180731091637)
  [1m[35m (0.1ms)[0m  [1m[36mbegin transaction[0m
  ↳ /home/sano/.rvm/gems/ruby-2.5.1@qna/bin/rake:23
  [1m[35m (0.4ms)[0m  [1m[35mCREATE TABLE "questions" ("id" integer PRIMARY KEY AUTOINCREMENT NOT NULL, "title" varchar, "body" text, "created_at" datetime NOT NULL, "updated_at" datetime NOT NULL)[0m
  ↳ db/migrate/20180731091637_create_questions.rb:3
  [1m[36mActiveRecord::SchemaMigration Create (0.2ms)[0m  [1m[32mINSERT INTO "schema_migrations" ("version") VALUES (?)[0m  [["version", "20180731091637"]]
  ↳ /home/sano/.rvm/gems/ruby-2.5.1@qna/bin/rake:23
  [1m[35m (100.6ms)[0m  [1m[36mcommit transaction[0m
  ↳ /home/sano/.rvm/gems/ruby-2.5.1@qna/bin/rake:23
Migrating to CreateAnswers (20180731091652)
  [1m[35m (0.1ms)[0m  [1m[36mbegin transaction[0m
  ↳ /home/sano/.rvm/gems/ruby-2.5.1@qna/bin/rake:23
  [1m[35m (0.4ms)[0m  [1m[35mCREATE TABLE "answers" ("id" integer PRIMARY KEY AUTOINCREMENT NOT NULL, "body" text, "question_id" integer, "created_at" datetime NOT NULL, "updated_at" datetime NOT NULL)[0m
  ↳ db/migrate/20180731091652_create_answers.rb:3
  [1m[35m (0.2ms)[0m  [1m[35mCREATE  INDEX "index_answers_on_question_id" ON "answers" ("question_id")[0m
  ↳ db/migrate/20180731091652_create_answers.rb:8
  [1m[36mActiveRecord::SchemaMigration Create (0.2ms)[0m  [1m[32mINSERT INTO "schema_migrations" ("version") VALUES (?)[0m  [["version", "20180731091652"]]
  ↳ /home/sano/.rvm/gems/ruby-2.5.1@qna/bin/rake:23
  [1m[35m (97.4ms)[0m  [1m[36mcommit transaction[0m
  ↳ /home/sano/.rvm/gems/ruby-2.5.1@qna/bin/rake:23
  [1m[36mActiveRecord::InternalMetadata Load (0.2ms)[0m  [1m[34mSELECT  "ar_internal_metadata".* FROM "ar_internal_metadata" WHERE "ar_internal_metadata"."key" = ? LIMIT ?[0m  [["key", "environment"], ["LIMIT", 1]]
  ↳ /home/sano/.rvm/gems/ruby-2.5.1@qna/bin/rake:23
  [1m[35m (0.1ms)[0m  [1m[36mbegin transaction[0m
  ↳ /home/sano/.rvm/gems/ruby-2.5.1@qna/bin/rake:23
  [1m[36mActiveRecord::InternalMetadata Create (0.3ms)[0m  [1m[32mINSERT INTO "ar_internal_metadata" ("key", "value", "created_at", "updated_at") VALUES (?, ?, ?, ?)[0m  [["key", "environment"], ["value", "development"], ["created_at", "2018-07-31 09:26:39.565876"], ["updated_at", "2018-07-31 09:26:39.565876"]]
  ↳ /home/sano/.rvm/gems/ruby-2.5.1@qna/bin/rake:23
  [1m[35m (67.1ms)[0m  [1m[36mcommit transaction[0m
  ↳ /home/sano/.rvm/gems/ruby-2.5.1@qna/bin/rake:23
  [1m[35m (0.4ms)[0m  [1m[34mSELECT "schema_migrations"."version" FROM "schema_migrations" ORDER BY "schema_migrations"."version" ASC[0m
  ↳ /home/sano/.rvm/gems/ruby-2.5.1@qna/bin/rake:23
  [1m[36mQuestion Load (0.1ms)[0m  [1m[34mSELECT  "questions".* FROM "questions" ORDER BY "questions"."id" ASC LIMIT ?[0m  [["LIMIT", 1]]
  [1m[35m (0.1ms)[0m  [1m[36mbegin transaction[0m
  [1m[36mQuestion Create (0.4ms)[0m  [1m[32mINSERT INTO "questions" ("title", "body", "created_at", "updated_at") VALUES (?, ?, ?, ?)[0m  [["title", "11111"], ["body", "22222"], ["created_at", "2018-07-31 09:27:51.957947"], ["updated_at", "2018-07-31 09:27:51.957947"]]
  [1m[35m (62.4ms)[0m  [1m[36mcommit transaction[0m
  [1m[35m (0.1ms)[0m  [1m[36mbegin transaction[0m
  [1m[36mQuestion Load (0.2ms)[0m  [1m[34mSELECT  "questions".* FROM "questions" WHERE "questions"."id" = ? LIMIT ?[0m  [["id", 1], ["LIMIT", 1]]
  [1m[36mAnswer Create (0.5ms)[0m  [1m[32mINSERT INTO "answers" ("body", "question_id", "created_at", "updated_at") VALUES (?, ?, ?, ?)[0m  [["body", "88888"], ["question_id", 1], ["created_at", "2018-07-31 09:28:28.353557"], ["updated_at", "2018-07-31 09:28:28.353557"]]
  [1m[35m (76.3ms)[0m  [1m[36mcommit transaction[0m
  [1m[36mQuestion Load (0.3ms)[0m  [1m[34mSELECT  "questions".* FROM "questions" ORDER BY "questions"."id" ASC LIMIT ?[0m  [["LIMIT", 1]]
  [1m[36mQuestion Load (0.2ms)[0m  [1m[34mSELECT  "questions".* FROM "questions" ORDER BY "questions"."id" ASC LIMIT ?[0m  [["LIMIT", 1]]
  [1m[36mAnswer Load (0.3ms)[0m  [1m[34mSELECT  "answers".* FROM "answers" WHERE "answers"."question_id" = ? LIMIT ?[0m  [["question_id", 1], ["LIMIT", 11]]
  [1m[36mAnswer Load (0.6ms)[0m  [1m[34mSELECT  "answers".* FROM "answers" ORDER BY "answers"."id" ASC LIMIT ?[0m  [["LIMIT", 1]]
  [1m[36mAnswer Load (0.3ms)[0m  [1m[34mSELECT  "answers".* FROM "answers" ORDER BY "answers"."id" ASC LIMIT ?[0m  [["LIMIT", 1]]
  [1m[36mQuestion Load (0.3ms)[0m  [1m[34mSELECT  "questions".* FROM "questions" WHERE "questions"."id" = ? LIMIT ?[0m  [["id", 1], ["LIMIT", 1]]
